2022-12-24 02:53:07,405:ERROR:__main__:Telegram says: [406 CHANNEL_PRIVATE] - The channel/supergroup is not accessible (caused by "messages.ForwardMessages")
2022-12-24 02:53:22,257:ERROR:__main__:Telegram says: [406 CHANNEL_PRIVATE] - The channel/supergroup is not accessible (caused by "messages.ForwardMessages")
2022-12-24 02:53:45,608:ERROR:pyrogram.connection.connection:timed out
2022-12-24 02:54:46,718:ERROR:__main__:Telegram says: [406 CHANNEL_PRIVATE] - The channel/supergroup is not accessible (caused by "messages.ForwardMessages")
2022-12-24 02:54:52,296:ERROR:__main__:Telegram says: [406 CHANNEL_PRIVATE] - The channel/supergroup is not accessible (caused by "messages.ForwardMessages")
2022-12-24 02:55:07,259:ERROR:__main__:Telegram says: [406 CHANNEL_PRIVATE] - The channel/supergroup is not accessible (caused by "messages.ForwardMessages")
2022-12-24 02:55:22,441:ERROR:__main__:Telegram says: [406 CHANNEL_PRIVATE] - The channel/supergroup is not accessible (caused by "messages.ForwardMessages")
2022-12-24 02:55:37,272:ERROR:__main__:Telegram says: [406 CHANNEL_PRIVATE] - The channel/supergroup is not accessible (caused by "messages.ForwardMessages")
2022-12-24 02:55:52,297:ERROR:__main__:Telegram says: [406 CHANNEL_PRIVATE] - The channel/supergroup is not accessible (caused by "messages.ForwardMessages")
2022-12-24 02:56:07,271:ERROR:__main__:Telegram says: [406 CHANNEL_PRIVATE] - The channel/supergroup is not accessible (caused by "messages.ForwardMessages")
2022-12-24 02:56:22,438:ERROR:__main__:Telegram says: [406 CHANNEL_PRIVATE] - The channel/supergroup is not accessible (caused by "messages.ForwardMessages")
2022-12-24 02:56:37,258:ERROR:__main__:Telegram says: [406 CHANNEL_PRIVATE] - The channel/supergroup is not accessible (caused by "messages.ForwardMessages")
2022-12-24 02:56:52,264:ERROR:__main__:Telegram says: [406 CHANNEL_PRIVATE] - The channel/supergroup is not accessible (caused by "messages.ForwardMessages")
2022-12-24 02:57:07,248:ERROR:__main__:Telegram says: [406 CHANNEL_PRIVATE] - The channel/supergroup is not accessible (caused by "messages.ForwardMessages")
2022-12-24 02:57:22,466:ERROR:__main__:Telegram says: [406 CHANNEL_PRIVATE] - The channel/supergroup is not accessible (caused by "messages.ForwardMessages")
2022-12-24 02:57:37,278:ERROR:__main__:Telegram says: [406 CHANNEL_PRIVATE] - The channel/supergroup is not accessible (caused by "messages.ForwardMessages")
2022-12-24 02:57:52,427:ERROR:__main__:Telegram says: [406 CHANNEL_PRIVATE] - The channel/supergroup is not accessible (caused by "messages.ForwardMessages")
2022-12-24 02:58:07,418:ERROR:__main__:Telegram says: [406 CHANNEL_PRIVATE] - The channel/supergroup is not accessible (caused by "messages.ForwardMessages")
2022-12-24 02:58:22,336:ERROR:__main__:Telegram says: [406 CHANNEL_PRIVATE] - The channel/supergroup is not accessible (caused by "messages.ForwardMessages")
2022-12-24 02:58:37,285:ERROR:__main__:Telegram says: [406 CHANNEL_PRIVATE] - The channel/supergroup is not accessible (caused by "messages.ForwardMessages")
2022-12-24 02:58:52,351:ERROR:__main__:Telegram says: [406 CHANNEL_PRIVATE] - The channel/supergroup is not accessible (caused by "messages.ForwardMessages")
2022-12-24 03:16:28,019:ERROR:pyrogram.connection.connection:timed out
2022-12-24 03:17:32,902:ERROR:__main__:Client has not been started yet
2022-12-24 03:18:32,976:ERROR:__main__:Client has not been started yet
2022-12-24 03:19:33,079:ERROR:__main__:Client has not been started yet
2022-12-24 03:20:18,975:ERROR:__main__:Telegram says: [406 CHANNEL_PRIVATE] - The channel/supergroup is not accessible (caused by "messages.ForwardMessages")
2022-12-24 03:20:34,198:ERROR:__main__:Telegram says: [406 CHANNEL_PRIVATE] - The channel/supergroup is not accessible (caused by "messages.ForwardMessages")
2022-12-24 03:20:49,118:ERROR:__main__:Telegram says: [406 CHANNEL_PRIVATE] - The channel/supergroup is not accessible (caused by "messages.ForwardMessages")
2022-12-24 03:21:03,964:ERROR:__main__:Telegram says: [406 CHANNEL_PRIVATE] - The channel/supergroup is not accessible (caused by "messages.ForwardMessages")
2022-12-24 12:30:46,059:ERROR:pyrogram.connection.connection:timed out
2022-12-24 12:31:56,133:ERROR:pyrogram.connection.connection:timed out
2022-12-24 12:33:06,184:ERROR:pyrogram.connection.connection:timed out
2022-12-24 13:05:03,915:ERROR:pyrogram.connection.connection:timed out
2022-12-24 13:07:24,083:ERROR:pyrogram.connection.connection:timed out
2022-12-24 13:08:34,158:ERROR:pyrogram.connection.connection:timed out
2022-12-24 13:09:44,230:ERROR:pyrogram.connection.connection:timed out2022-12-24 13:10:44,291:WARNING:pyrogram.connection.connection:Connection failed! Trying again...
2022-12-24 13:16:16,403:ERROR:pyrogram.connection.connection:timed out
2022-12-24 13:23:41,603:ERROR:pyrogram.connection.connection:timed out
2022-12-24 13:27:11,166:ERROR:pyrogram.connection.connection:timed out
2022-12-24 13:28:21,238:ERROR:pyrogram.connection.connection:timed out
2022-12-24 13:28:48,137:ERROR:pyrogram.connection.connection:timed out
2022-12-24 13:28:53,006:ERROR:pyrogram.connection.connection:timed out
2022-12-24 13:29:38,702:ERROR:pyrogram.connection.connection:timed out
2022-12-24 13:29:43,558:ERROR:pyrogram.connection.connection:timed out
2022-12-24 13:30:54,191:ERROR:pyrogram.connection.connection:timed out
2022-12-24 13:30:58,702:ERROR:pyrogram.connection.connection:timed out
2022-12-24 13:39:14,918:ERROR:pyrogram.connection.connection:timed out
2022-12-24 13:42:59,944:ERROR:pyrogram.connection.connection:timed out
2022-12-24 13:43:04,506:ERROR:pyrogram.connection.connection:timed out
2022-12-24 14:15:04,005:ERROR:__main__:Telegram says: [406 CHANNEL_PRIVATE] - The channel/supergroup is not accessible (caused by "messages.ForwardMessages")
2022-12-24 14:15:09,043:ERROR:__main__:Telegram says: [406 CHANNEL_PRIVATE] - The channel/supergroup is not accessible (caused by "messages.ForwardMessages")
2022-12-24 14:15:13,977:ERROR:__main__:Telegram says: [406 CHANNEL_PRIVATE] - The channel/supergroup is not accessible (caused by "messages.ForwardMessages")
2022-12-24 14:15:19,091:ERROR:__main__:Telegram says: [406 CHANNEL_PRIVATE] - The channel/supergroup is not accessible (caused by "messages.ForwardMessages")
2022-12-24 14:15:23,944:ERROR:__main__:Telegram says: [406 CHANNEL_PRIVATE] - The channel/supergroup is not accessible (caused by "messages.ForwardMessages")
2022-12-24 14:15:29,112:ERROR:__main__:Telegram says: [406 CHANNEL_PRIVATE] - The channel/supergroup is not accessible (caused by "messages.ForwardMessages")
2022-12-24 14:15:33,920:ERROR:__main__:Telegram says: [406 CHANNEL_PRIVATE] - The channel/supergroup is not accessible (caused by "messages.ForwardMessages")
2022-12-24 14:15:39,233:ERROR:__main__:Telegram says: [406 CHANNEL_PRIVATE] - The channel/supergroup is not accessible (caused by "messages.ForwardMessages")
2022-12-24 14:15:43,935:ERROR:__main__:Telegram says: [406 CHANNEL_PRIVATE] - The channel/supergroup is not accessible (caused by "messages.ForwardMessages")
2022-12-24 14:15:49,213:ERROR:__main__:Telegram says: [406 CHANNEL_PRIVATE] - The channel/supergroup is not accessible (caused by "messages.ForwardMessages")
2022-12-24 14:15:53,963:ERROR:__main__:Telegram says: [406 CHANNEL_PRIVATE] - The channel/supergroup is not accessible (caused by "messages.ForwardMessages")
2022-12-24 14:15:59,132:ERROR:__main__:Telegram says: [406 CHANNEL_PRIVATE] - The channel/supergroup is not accessible (caused by "messages.ForwardMessages")
2022-12-24 14:16:03,941:ERROR:__main__:Telegram says: [406 CHANNEL_PRIVATE] - The channel/supergroup is not accessible (caused by "messages.ForwardMessages")
2022-12-24 14:16:09,233:ERROR:__main__:Telegram says: [406 CHANNEL_PRIVATE] - The channel/supergroup is not accessible (caused by "messages.ForwardMessages")
2022-12-24 14:16:13,967:ERROR:__main__:Telegram says: [406 CHANNEL_PRIVATE] - The channel/supergroup is not accessible (caused by "messages.ForwardMessages")
2022-12-24 14:16:19,121:ERROR:__main__:Telegram says: [406 CHANNEL_PRIVATE] - The channel/supergroup is not accessible (caused by "messages.ForwardMessages")
2022-12-24 14:16:24,010:ERROR:__main__:Telegram says: [406 CHANNEL_PRIVATE] - The channel/supergroup is not accessible (caused by "messages.ForwardMessages")
2022-12-24 14:16:29,344:ERROR:__main__:Telegram says: [406 CHANNEL_PRIVATE] - The channel/supergroup is not accessible (caused by "messages.ForwardMessages")
2022-12-24 14:16:33,981:ERROR:__main__:Telegram says: [406 CHANNEL_PRIVATE] - The channel/supergroup is not accessible (caused by "messages.ForwardMessages")
2022-12-24 14:16:39,172:ERROR:__main__:Telegram says: [406 CHANNEL_PRIVATE] - The channel/supergroup is not accessible (caused by "messages.ForwardMessages")
2022-12-24 14:16:43,959:ERROR:__main__:Telegram says: [406 CHANNEL_PRIVATE] - The channel/supergroup is not accessible (caused by "messages.ForwardMessages")
2022-12-24 14:16:49,275:ERROR:__main__:Telegram says: [406 CHANNEL_PRIVATE] - The channel/supergroup is not accessible (caused by "messages.ForwardMessages")
2022-12-24 14:16:54,031:ERROR:__main__:Telegram says: [406 CHANNEL_PRIVATE] - The channel/supergroup is not accessible (caused by "messages.ForwardMessages")
2022-12-24 14:16:59,111:ERROR:__main__:Telegram says: [406 CHANNEL_PRIVATE] - The channel/supergroup is not accessible (caused by "messages.ForwardMessages")
2022-12-24 14:17:03,969:ERROR:__main__:Telegram says: [406 CHANNEL_PRIVATE] - The channel/supergroup is not accessible (caused by "messages.ForwardMessages")
2022-12-24 14:17:09,102:ERROR:__main__:Telegram says: [406 CHANNEL_PRIVATE] - The channel/supergroup is not accessible (caused by "messages.ForwardMessages")
2022-12-24 14:17:13,954:ERROR:__main__:Telegram says: [406 CHANNEL_PRIVATE] - The channel/supergroup is not accessible (caused by "messages.ForwardMessages")
2022-12-24 14:17:19,119:ERROR:__main__:Telegram says: [406 CHANNEL_PRIVATE] - The channel/supergroup is not accessible (caused by "messages.ForwardMessages")
2022-12-24 14:17:24,211:ERROR:__main__:Telegram says: [406 CHANNEL_PRIVATE] - The channel/supergroup is not accessible (caused by "messages.ForwardMessages")
2022-12-24 14:17:29,144:ERROR:__main__:Telegram says: [406 CHANNEL_PRIVATE] - The channel/supergroup is not accessible (caused by "messages.ForwardMessages")
2022-12-24 14:17:34,044:ERROR:__main__:Telegram says: [406 CHANNEL_PRIVATE] - The channel/supergroup is not accessible (caused by "messages.ForwardMessages")
2022-12-24 14:17:39,110:ERROR:__main__:Telegram says: [406 CHANNEL_PRIVATE] - The channel/supergroup is not accessible (caused by "messages.ForwardMessages")
2022-12-24 14:17:44,101:ERROR:__main__:Telegram says: [406 CHANNEL_PRIVATE] - The channel/supergroup is not accessible (caused by "messages.ForwardMessages")
2022-12-24 14:17:49,107:ERROR:__main__:Telegram says: [406 CHANNEL_PRIVATE] - The channel/supergroup is not accessible (caused by "messages.ForwardMessages")
2022-12-24 14:17:53,956:ERROR:__main__:Telegram says: [406 CHANNEL_PRIVATE] - The channel/supergroup is not accessible (caused by "messages.ForwardMessages")
2022-12-24 14:17:59,470:ERROR:__main__:Telegram says: [406 CHANNEL_PRIVATE] - The channel/supergroup is not accessible (caused by "messages.ForwardMessages")
2022-12-24 14:18:04,096:ERROR:__main__:Telegram says: [406 CHANNEL_PRIVATE] - The channel/supergroup is not accessible (caused by "messages.ForwardMessages")
2022-12-24 14:18:09,069:ERROR:__main__:Telegram says: [406 CHANNEL_PRIVATE] - The channel/supergroup is not accessible (caused by "messages.ForwardMessages")
2022-12-24 14:18:13,941:ERROR:__main__:Telegram says: [406 CHANNEL_PRIVATE] - The channel/supergroup is not accessible (caused by "messages.ForwardMessages")
2022-12-24 14:18:19,100:ERROR:__main__:Telegram says: [406 CHANNEL_PRIVATE] - The channel/supergroup is not accessible (caused by "messages.ForwardMessages")
2022-12-24 14:18:23,906:ERROR:__main__:Telegram says: [406 CHANNEL_PRIVATE] - The channel/supergroup is not accessible (caused by "messages.ForwardMessages")
2022-12-24 14:18:29,214:ERROR:__main__:Telegram says: [406 CHANNEL_PRIVATE] - The channel/supergroup is not accessible (caused by "messages.ForwardMessages")
2022-12-24 14:18:33,911:ERROR:__main__:Telegram says: [406 CHANNEL_PRIVATE] - The channel/supergroup is not accessible (caused by "messages.ForwardMessages")
2022-12-24 14:18:39,394:ERROR:__main__:Telegram says: [406 CHANNEL_PRIVATE] - The channel/supergroup is not accessible (caused by "messages.ForwardMessages")
2022-12-24 14:18:44,100:ERROR:__main__:Telegram says: [406 CHANNEL_PRIVATE] - The channel/supergroup is not accessible (caused by "messages.ForwardMessages")
2022-12-24 14:18:49,060:ERROR:__main__:Telegram says: [406 CHANNEL_PRIVATE] - The channel/supergroup is not accessible (caused by "messages.ForwardMessages")
2022-12-24 14:18:53,957:ERROR:__main__:Telegram says: [406 CHANNEL_PRIVATE] - The channel/supergroup is not accessible (caused by "messages.ForwardMessages")
2022-12-24 14:18:59,291:ERROR:__main__:Telegram says: [406 CHANNEL_PRIVATE] - The channel/supergroup is not accessible (caused by "messages.ForwardMessages")
2022-12-24 14:19:03,939:ERROR:__main__:Telegram says: [406 CHANNEL_PRIVATE] - The channel/supergroup is not accessible (caused by "messages.ForwardMessages")
2022-12-24 14:19:09,159:ERROR:__main__:Telegram says: [406 CHANNEL_PRIVATE] - The channel/supergroup is not accessible (caused by "messages.ForwardMessages")
2022-12-24 14:20:25,843:ERROR:__main__:Telegram says: [406 CHANNEL_PRIVATE] - The channel/supergroup is not accessible (caused by "messages.ForwardMessages")
2022-12-24 14:20:30,785:ERROR:__main__:Telegram says: [406 CHANNEL_PRIVATE] - The channel/supergroup is not accessible (caused by "messages.ForwardMessages")
2022-12-24 14:20:35,793:ERROR:__main__:Telegram says: [406 CHANNEL_PRIVATE] - The channel/supergroup is not accessible (caused by "messages.ForwardMessages")
2022-12-24 14:20:40,777:ERROR:__main__:Telegram says: [406 CHANNEL_PRIVATE] - The channel/supergroup is not accessible (caused by "messages.ForwardMessages")
2022-12-24 14:20:45,834:ERROR:__main__:Telegram says: [406 CHANNEL_PRIVATE] - The channel/supergroup is not accessible (caused by "messages.ForwardMessages")
2022-12-24 14:29:25,688:ERROR:__main__:Telegram says: [406 CHANNEL_PRIVATE] - The channel/supergroup is not accessible (caused by "messages.ForwardMessages")
2022-12-24 14:29:30,632:ERROR:__main__:Telegram says: [406 CHANNEL_PRIVATE] - The channel/supergroup is not accessible (caused by "messages.ForwardMessages")
2022-12-24 14:35:11,571:ERROR:__main__:Telegram says: [406 CHANNEL_PRIVATE] - The channel/supergroup is not accessible (caused by "messages.ForwardMessages")
2022-12-24 14:35:16,603:ERROR:__main__:Telegram says: [406 CHANNEL_PRIVATE] - The channel/supergroup is not accessible (caused by "messages.ForwardMessages")
2022-12-24 14:35:21,598:ERROR:__main__:Telegram says: [406 CHANNEL_PRIVATE] - The channel/supergroup is not accessible (caused by "messages.ForwardMessages")
2022-12-24 14:35:26,562:ERROR:__main__:Telegram says: [406 CHANNEL_PRIVATE] - The channel/supergroup is not accessible (caused by "messages.ForwardMessages")
2022-12-24 14:35:31,546:ERROR:__main__:Telegram says: [406 CHANNEL_PRIVATE] - The channel/supergroup is not accessible (caused by "messages.ForwardMessages")
2022-12-24 14:35:36,513:ERROR:__main__:Telegram says: [406 CHANNEL_PRIVATE] - The channel/supergroup is not accessible (caused by "messages.ForwardMessages")
2022-12-24 14:35:41,559:ERROR:__main__:Telegram says: [406 CHANNEL_PRIVATE] - The channel/supergroup is not accessible (caused by "messages.ForwardMessages")
2022-12-24 14:35:46,549:ERROR:__main__:Telegram says: [406 CHANNEL_PRIVATE] - The channel/supergroup is not accessible (caused by "messages.ForwardMessages")
2022-12-24 14:35:51,645:ERROR:__main__:Telegram says: [406 CHANNEL_PRIVATE] - The channel/supergroup is not accessible (caused by "messages.ForwardMessages")
2022-12-24 14:35:56,499:ERROR:__main__:Telegram says: [406 CHANNEL_PRIVATE] - The channel/supergroup is not accessible (caused by "messages.ForwardMessages")
2022-12-24 14:36:01,605:ERROR:__main__:Telegram says: [406 CHANNEL_PRIVATE] - The channel/supergroup is not accessible (caused by "messages.ForwardMessages")
2022-12-24 14:36:06,618:ERROR:__main__:Telegram says: [406 CHANNEL_PRIVATE] - The channel/supergroup is not accessible (caused by "messages.ForwardMessages")
2022-12-24 14:36:11,681:ERROR:__main__:Telegram says: [406 CHANNEL_PRIVATE] - The channel/supergroup is not accessible (caused by "messages.ForwardMessages")
2022-12-24 14:36:16,499:ERROR:__main__:Telegram says: [406 CHANNEL_PRIVATE] - The channel/supergroup is not accessible (caused by "messages.ForwardMessages")
2022-12-24 14:36:21,471:ERROR:__main__:Telegram says: [406 CHANNEL_PRIVATE] - The channel/supergroup is not accessible (caused by "messages.ForwardMessages")
2022-12-24 14:36:26,907:ERROR:__main__:Telegram says: [406 CHANNEL_PRIVATE] - The channel/supergroup is not accessible (caused by "messages.ForwardMessages")
2022-12-24 14:36:31,492:ERROR:__main__:Telegram says: [406 CHANNEL_PRIVATE] - The channel/supergroup is not accessible (caused by "messages.ForwardMessages")
2022-12-24 14:36:36,548:ERROR:__main__:Telegram says: [406 CHANNEL_PRIVATE] - The channel/supergroup is not accessible (caused by "messages.ForwardMessages")
2022-12-24 14:36:41,522:ERROR:__main__:Telegram says: [406 CHANNEL_PRIVATE] - The channel/supergroup is not accessible (caused by "messages.ForwardMessages")
2022-12-24 14:36:46,641:ERROR:__main__:Telegram says: [406 CHANNEL_PRIVATE] - The channel/supergroup is not accessible (caused by "messages.ForwardMessages")
2022-12-24 14:36:51,582:ERROR:__main__:Telegram says: [406 CHANNEL_PRIVATE] - The channel/supergroup is not accessible (caused by "messages.ForwardMessages")
2022-12-24 14:36:56,509:ERROR:__main__:Telegram says: [406 CHANNEL_PRIVATE] - The channel/supergroup is not accessible (caused by "messages.ForwardMessages")
2022-12-24 14:37:01,526:ERROR:__main__:Telegram says: [406 CHANNEL_PRIVATE] - The channel/supergroup is not accessible (caused by "messages.ForwardMessages")
2022-12-24 14:37:06,678:ERROR:__main__:Telegram says: [406 CHANNEL_PRIVATE] - The channel/supergroup is not accessible (caused by "messages.ForwardMessages")
2022-12-24 14:37:11,540:ERROR:__main__:Telegram says: [406 CHANNEL_PRIVATE] - The channel/supergroup is not accessible (caused by "messages.ForwardMessages")
2022-12-24 14:37:16,489:ERROR:__main__:Telegram says: [406 CHANNEL_PRIVATE] - The channel/supergroup is not accessible (caused by "messages.ForwardMessages")
2022-12-24 14:37:21,508:ERROR:__main__:Telegram says: [406 CHANNEL_PRIVATE] - The channel/supergroup is not accessible (caused by "messages.ForwardMessages")
2022-12-24 14:37:26,677:ERROR:__main__:Telegram says: [406 CHANNEL_PRIVATE] - The channel/supergroup is not accessible (caused by "messages.ForwardMessages")
2022-12-24 14:37:31,509:ERROR:__main__:Telegram says: [406 CHANNEL_PRIVATE] - The channel/supergroup is not accessible (caused by "messages.ForwardMessages")
2022-12-24 14:37:36,511:ERROR:__main__:Telegram says: [406 CHANNEL_PRIVATE] - The channel/supergroup is not accessible (caused by "messages.ForwardMessages")
2022-12-24 14:37:41,549:ERROR:__main__:Telegram says: [406 CHANNEL_PRIVATE] - The channel/supergroup is not accessible (caused by "messages.ForwardMessages")
2022-12-24 14:37:46,668:ERROR:__main__:Telegram says: [406 CHANNEL_PRIVATE] - The channel/supergroup is not accessible (caused by "messages.ForwardMessages")
2022-12-24 14:37:51,508:ERROR:__main__:Telegram says: [406 CHANNEL_PRIVATE] - The channel/supergroup is not accessible (caused by "messages.ForwardMessages")
2022-12-24 14:37:56,554:ERROR:__main__:Telegram says: [406 CHANNEL_PRIVATE] - The channel/supergroup is not accessible (caused by "messages.ForwardMessages")
2022-12-24 14:38:01,554:ERROR:__main__:Telegram says: [406 CHANNEL_PRIVATE] - The channel/supergroup is not accessible (caused by "messages.ForwardMessages")
2022-12-24 14:38:06,679:ERROR:__main__:Telegram says: [406 CHANNEL_PRIVATE] - The channel/supergroup is not accessible (caused by "messages.ForwardMessages")
2022-12-24 14:38:11,555:ERROR:__main__:Telegram says: [406 CHANNEL_PRIVATE] - The channel/supergroup is not accessible (caused by "messages.ForwardMessages")
2022-12-24 14:38:16,518:ERROR:__main__:Telegram says: [406 CHANNEL_PRIVATE] - The channel/supergroup is not accessible (caused by "messages.ForwardMessages")
2022-12-24 14:38:21,540:ERROR:__main__:Telegram says: [406 CHANNEL_PRIVATE] - The channel/supergroup is not accessible (caused by "messages.ForwardMessages")
2022-12-24 14:38:27,382:ERROR:__main__:Telegram says: [406 CHANNEL_PRIVATE] - The channel/supergroup is not accessible (caused by "messages.ForwardMessages")
2022-12-24 14:38:31,883:ERROR:__main__:Telegram says: [406 CHANNEL_PRIVATE] - The channel/supergroup is not accessible (caused by "messages.ForwardMessages")
2022-12-24 14:38:36,564:ERROR:__main__:Telegram says: [406 CHANNEL_PRIVATE] - The channel/supergroup is not accessible (caused by "messages.ForwardMessages")
2022-12-24 14:38:41,511:ERROR:__main__:Telegram says: [406 CHANNEL_PRIVATE] - The channel/supergroup is not accessible (caused by "messages.ForwardMessages")
2023-01-08 15:56:43,689:ERROR:__main__:[Row(id=28, channel_id='-1001868804091', message_id='72', category='fast'), '-1001803618120']
2023-01-08 15:56:43,886:ERROR:__main__:[Row(id=28, channel_id='-1001868804091', message_id='72', category='fast'), '-617432466']
2023-01-08 15:56:44,058:ERROR:__main__:[Row(id=32, channel_id='-1001459337704', message_id='78', category='fast'), '-1001803618120']
2023-01-08 15:56:44,251:ERROR:__main__:[Row(id=32, channel_id='-1001459337704', message_id='78', category='fast'), '-617432466']
2023-01-08 15:56:44,472:ERROR:__main__:[Row(id=36, channel_id='-1001459337704', message_id='82', category='fast'), '-1001803618120']
2023-01-08 15:56:44,634:ERROR:__main__:[Row(id=36, channel_id='-1001459337704', message_id='82', category='fast'), '-617432466']
2023-01-08 15:56:48,706:ERROR:__main__:[Row(id=26, channel_id='-1001459337704', message_id='76', category='normal'), '-1001803618120']
2023-01-08 15:56:48,915:ERROR:__main__:[Row(id=26, channel_id='-1001459337704', message_id='76', category='normal'), '-617432466']
2023-01-08 15:56:49,100:ERROR:__main__:[Row(id=27, channel_id='-1001868804091', message_id='71', category='normal'), '-1001803618120']
2023-01-08 15:56:49,264:ERROR:__main__:[Row(id=27, channel_id='-1001868804091', message_id='71', category='normal'), '-617432466']
2023-01-08 15:56:49,460:ERROR:__main__:[Row(id=29, channel_id='-1001868804091', message_id='73', category='normal'), '-1001803618120']
2023-01-08 15:56:49,667:ERROR:__main__:[Row(id=29, channel_id='-1001868804091', message_id='73', category='normal'), '-617432466']
2023-01-08 15:56:49,882:ERROR:__main__:[Row(id=30, channel_id='-1001868804091', message_id='74', category='normal'), '-1001803618120']
2023-01-08 15:56:50,076:ERROR:__main__:[Row(id=30, channel_id='-1001868804091', message_id='74', category='normal'), '-617432466']
2023-01-08 15:56:50,800:ERROR:__main__:[Row(id=31, channel_id='-1001459337704', message_id='77', category='normal'), '-1001803618120']
2023-01-08 15:56:51,104:ERROR:__main__:[Row(id=28, channel_id='-1001868804091', message_id='72', category='fast'), '-1001803618120']
2023-01-08 15:56:51,131:ERROR:__main__:[Row(id=31, channel_id='-1001459337704', message_id='77', category='normal'), '-617432466']
2023-01-08 15:56:51,321:ERROR:__main__:[Row(id=28, channel_id='-1001868804091', message_id='72', category='fast'), '-617432466']
2023-01-08 15:56:51,359:ERROR:__main__:[Row(id=33, channel_id='-1001459337704', message_id='79', category='normal'), '-1001803618120']
2023-01-08 15:56:51,511:ERROR:__main__:[Row(id=32, channel_id='-1001459337704', message_id='78', category='fast'), '-1001803618120']
2023-01-08 15:56:51,526:ERROR:__main__:[Row(id=33, channel_id='-1001459337704', message_id='79', category='normal'), '-617432466']
2023-01-08 15:56:51,666:ERROR:__main__:[Row(id=32, channel_id='-1001459337704', message_id='78', category='fast'), '-617432466']
2023-01-08 15:56:51,707:ERROR:__main__:[Row(id=34, channel_id='-1001459337704', message_id='80', category='normal'), '-1001803618120']
2023-01-08 15:56:51,844:ERROR:__main__:[Row(id=36, channel_id='-1001459337704', message_id='82', category='fast'), '-1001803618120']
2023-01-08 15:56:51,913:ERROR:__main__:[Row(id=34, channel_id='-1001459337704', message_id='80', category='normal'), '-617432466']
2023-01-08 15:56:52,009:ERROR:__main__:[Row(id=36, channel_id='-1001459337704', message_id='82', category='fast'), '-617432466']
2023-01-08 15:56:52,106:ERROR:__main__:[Row(id=35, channel_id='-1001459337704', message_id='81', category='normal'), '-1001803618120']
2023-01-08 15:56:52,274:ERROR:__main__:[Row(id=35, channel_id='-1001459337704', message_id='81', category='normal'), '-617432466']
2023-01-08 15:56:53,680:ERROR:__main__:[Row(id=28, channel_id='-1001868804091', message_id='72', category='fast'), '-1001803618120']
2023-01-08 15:56:53,846:ERROR:__main__:[Row(id=28, channel_id='-1001868804091', message_id='72', category='fast'), '-617432466']
2023-01-08 15:56:54,034:ERROR:__main__:[Row(id=32, channel_id='-1001459337704', message_id='78', category='fast'), '-1001803618120']
2023-01-08 15:56:54,201:ERROR:__main__:[Row(id=32, channel_id='-1001459337704', message_id='78', category='fast'), '-617432466']
2023-01-08 15:56:54,387:ERROR:__main__:[Row(id=36, channel_id='-1001459337704', message_id='82', category='fast'), '-1001803618120']
2023-01-08 15:56:54,552:ERROR:__main__:[Row(id=36, channel_id='-1001459337704', message_id='82', category='fast'), '-617432466']
2023-01-08 15:56:58,710:ERROR:__main__:[Row(id=28, channel_id='-1001868804091', message_id='72', category='fast'), '-1001803618120']
2023-01-08 15:56:58,869:ERROR:__main__:[Row(id=28, channel_id='-1001868804091', message_id='72', category='fast'), '-617432466']
2023-01-08 15:56:59,049:ERROR:__main__:[Row(id=32, channel_id='-1001459337704', message_id='78', category='fast'), '-1001803618120']
2023-01-08 15:56:59,274:ERROR:__main__:[Row(id=32, channel_id='-1001459337704', message_id='78', category='fast'), '-617432466']
2023-01-08 15:56:59,471:ERROR:__main__:[Row(id=36, channel_id='-1001459337704', message_id='82', category='fast'), '-1001803618120']
2023-01-08 15:56:59,631:ERROR:__main__:[Row(id=36, channel_id='-1001459337704', message_id='82', category='fast'), '-617432466']
2023-01-08 15:57:00,833:ERROR:__main__:[Row(id=26, channel_id='-1001459337704', message_id='76', category='normal'), '-1001803618120']
2023-01-08 15:57:00,975:ERROR:__main__:[Row(id=26, channel_id='-1001459337704', message_id='76', category='normal'), '-617432466']
2023-01-08 15:57:01,189:ERROR:__main__:[Row(id=27, channel_id='-1001868804091', message_id='71', category='normal'), '-1001803618120']
2023-01-08 15:57:01,360:ERROR:__main__:[Row(id=27, channel_id='-1001868804091', message_id='71', category='normal'), '-617432466']
2023-01-08 15:57:01,542:ERROR:__main__:[Row(id=29, channel_id='-1001868804091', message_id='73', category='normal'), '-1001803618120']
2023-01-08 15:57:01,738:ERROR:__main__:[Row(id=29, channel_id='-1001868804091', message_id='73', category='normal'), '-617432466']
2023-01-08 15:57:01,934:ERROR:__main__:[Row(id=30, channel_id='-1001868804091', message_id='74', category='normal'), '-1001803618120']
2023-01-08 15:57:02,126:ERROR:__main__:[Row(id=30, channel_id='-1001868804091', message_id='74', category='normal'), '-617432466']
2023-01-08 15:57:02,376:ERROR:__main__:[Row(id=31, channel_id='-1001459337704', message_id='77', category='normal'), '-1001803618120']
2023-01-08 15:57:02,545:ERROR:__main__:[Row(id=31, channel_id='-1001459337704', message_id='77', category='normal'), '-617432466']
2023-01-08 15:57:02,731:ERROR:__main__:[Row(id=33, channel_id='-1001459337704', message_id='79', category='normal'), '-1001803618120']
2023-01-08 15:57:02,896:ERROR:__main__:[Row(id=33, channel_id='-1001459337704', message_id='79', category='normal'), '-617432466']
2023-01-08 15:57:03,103:ERROR:__main__:[Row(id=34, channel_id='-1001459337704', message_id='80', category='normal'), '-1001803618120']
2023-01-08 15:57:03,281:ERROR:__main__:[Row(id=34, channel_id='-1001459337704', message_id='80', category='normal'), '-617432466']
2023-01-08 20:21:41,176:ERROR:__main__:Telegram says: [401 AUTH_KEY_UNREGISTERED] - The key is not registered in the system. Delete your session file and login again (caused by "channels.GetChannels")
2023-01-08 20:21:46,253:ERROR:__main__:Telegram says: [401 AUTH_KEY_UNREGISTERED] - The key is not registered in the system. Delete your session file and login again (caused by "channels.GetChannels")
2023-01-08 20:21:46,257:ERROR:__main__:Telegram says: [401 AUTH_KEY_UNREGISTERED] - The key is not registered in the system. Delete your session file and login again (caused by "channels.GetChannels")
2023-01-08 20:21:51,218:ERROR:__main__:Telegram says: [401 AUTH_KEY_UNREGISTERED] - The key is not registered in the system. Delete your session file and login again (caused by "channels.GetChannels")
2023-01-08 20:21:56,639:ERROR:__main__:Telegram says: [401 AUTH_KEY_UNREGISTERED] - The key is not registered in the system. Delete your session file and login again (caused by "channels.GetChannels")
2023-01-08 20:21:56,641:ERROR:__main__:Telegram says: [401 AUTH_KEY_UNREGISTERED] - The key is not registered in the system. Delete your session file and login again (caused by "channels.GetChannels")
2023-01-08 20:22:01,196:ERROR:__main__:Telegram says: [401 SESSION_PASSWORD_NEEDED] - The two-step verification is enabled and a password is required (caused by "channels.GetChannels")
2023-01-08 20:22:06,328:ERROR:__main__:Telegram says: [401 SESSION_PASSWORD_NEEDED] - The two-step verification is enabled and a password is required (caused by "channels.GetChannels")
2023-01-08 20:22:06,329:ERROR:__main__:Telegram says: [401 SESSION_PASSWORD_NEEDED] - The two-step verification is enabled and a password is required (caused by "channels.GetChannels")
2023-01-08 20:27:40,703:ERROR:__main__:Telegram says: [420 FLOOD_WAIT_X] - A wait of 329 seconds is required (caused by "messages.ForwardMessages")
2023-01-08 20:31:28,973:ERROR:__main__:Telegram says: [420 FLOOD_WAIT_X] - A wait of 13 seconds is required (caused by "messages.ForwardMessages")
2023-01-08 20:31:41,992:ERROR:__main__:Telegram says: [420 FLOOD_WAIT_X] - A wait of 13 seconds is required (caused by "messages.ForwardMessages")
2023-01-08 20:32:13,483:ERROR:__main__:Telegram says: [420 FLOOD_WAIT_X] - A wait of 17 seconds is required (caused by "messages.ForwardMessages")
2023-01-08 20:32:44,410:ERROR:__main__:Telegram says: [420 FLOOD_WAIT_X] - A wait of 18 seconds is required (caused by "messages.ForwardMessages")
2023-01-08 20:33:15,819:ERROR:__main__:Telegram says: [420 FLOOD_WAIT_X] - A wait of 19 seconds is required (caused by "messages.ForwardMessages")
2023-01-08 20:34:17,939:ERROR:__main__:Telegram says: [420 FLOOD_WAIT_X] - A wait of 17 seconds is required (caused by "messages.ForwardMessages")
2023-01-08 20:56:57,349:ERROR:__main__:Telegram says: [401 AUTH_KEY_UNREGISTERED] - The key is not registered in the system. Delete your session file and login again (caused by "channels.GetChannels")
2023-01-08 20:57:02,405:ERROR:__main__:Telegram says: [401 AUTH_KEY_UNREGISTERED] - The key is not registered in the system. Delete your session file and login again (caused by "channels.GetChannels")
2023-01-08 20:57:02,407:ERROR:__main__:Telegram says: [401 AUTH_KEY_UNREGISTERED] - The key is not registered in the system. Delete your session file and login again (caused by "channels.GetChannels")
2023-01-08 20:57:07,335:ERROR:__main__:Telegram says: [401 AUTH_KEY_UNREGISTERED] - The key is not registered in the system. Delete your session file and login again (caused by "channels.GetChannels")
2023-01-08 20:57:12,507:ERROR:__main__:Telegram says: [401 AUTH_KEY_UNREGISTERED] - The key is not registered in the system. Delete your session file and login again (caused by "channels.GetChannels")
2023-01-08 20:57:12,508:ERROR:__main__:Telegram says: [401 AUTH_KEY_UNREGISTERED] - The key is not registered in the system. Delete your session file and login again (caused by "channels.GetChannels")
2023-01-08 20:57:17,362:ERROR:__main__:Telegram says: [401 AUTH_KEY_UNREGISTERED] - The key is not registered in the system. Delete your session file and login again (caused by "channels.GetChannels")
2023-01-08 20:57:22,504:ERROR:__main__:Telegram says: [401 SESSION_PASSWORD_NEEDED] - The two-step verification is enabled and a password is required (caused by "channels.GetChannels")
2023-01-08 20:57:22,507:ERROR:__main__:Telegram says: [401 SESSION_PASSWORD_NEEDED] - The two-step verification is enabled and a password is required (caused by "channels.GetChannels")
2023-01-08 21:07:49,655:ERROR:__main__:Client has not been started yet
2023-01-08 21:08:36,338:ERROR:__main__:Telegram says: [401 AUTH_KEY_UNREGISTERED] - The key is not registered in the system. Delete your session file and login again (caused by "channels.GetChannels")
2023-01-08 21:08:48,112:ERROR:__main__:Telegram says: [401 AUTH_KEY_UNREGISTERED] - The key is not registered in the system. Delete your session file and login again (caused by "channels.GetChannels")
2023-01-08 21:08:48,117:ERROR:__main__:Telegram says: [401 AUTH_KEY_UNREGISTERED] - The key is not registered in the system. Delete your session file and login again (caused by "channels.GetChannels")
2023-01-08 21:08:48,122:ERROR:__main__:Telegram says: [401 AUTH_KEY_UNREGISTERED] - The key is not registered in the system. Delete your session file and login again (caused by "channels.GetChannels")
2023-01-08 21:08:51,855:ERROR:__main__:Telegram says: [401 AUTH_KEY_UNREGISTERED] - The key is not registered in the system. Delete your session file and login again (caused by "channels.GetChannels")
2023-01-08 21:08:51,856:ERROR:__main__:Telegram says: [401 AUTH_KEY_UNREGISTERED] - The key is not registered in the system. Delete your session file and login again (caused by "channels.GetChannels")
2023-01-08 21:08:56,507:ERROR:__main__:Telegram says: [401 AUTH_KEY_UNREGISTERED] - The key is not registered in the system. Delete your session file and login again (caused by "channels.GetChannels")
2023-01-08 21:09:01,477:ERROR:__main__:Telegram says: [401 AUTH_KEY_UNREGISTERED] - The key is not registered in the system. Delete your session file and login again (caused by "channels.GetChannels")
2023-01-08 21:09:01,480:ERROR:__main__:Telegram says: [401 AUTH_KEY_UNREGISTERED] - The key is not registered in the system. Delete your session file and login again (caused by "channels.GetChannels")
2023-01-08 21:09:07,239:ERROR:__main__:Telegram says: [401 AUTH_KEY_UNREGISTERED] - The key is not registered in the system. Delete your session file and login again (caused by "channels.GetChannels")
2023-01-08 21:09:11,601:ERROR:__main__:Telegram says: [401 AUTH_KEY_UNREGISTERED] - The key is not registered in the system. Delete your session file and login again (caused by "channels.GetChannels")
2023-01-08 21:09:11,602:ERROR:__main__:Telegram says: [401 AUTH_KEY_UNREGISTERED] - The key is not registered in the system. Delete your session file and login again (caused by "channels.GetChannels")
2023-01-08 21:09:16,474:ERROR:__main__:Telegram says: [401 AUTH_KEY_UNREGISTERED] - The key is not registered in the system. Delete your session file and login again (caused by "channels.GetChannels")
2023-01-08 21:09:21,441:ERROR:__main__:Telegram says: [401 AUTH_KEY_UNREGISTERED] - The key is not registered in the system. Delete your session file and login again (caused by "channels.GetChannels")
2023-01-08 21:09:21,454:ERROR:__main__:Telegram says: [401 AUTH_KEY_UNREGISTERED] - The key is not registered in the system. Delete your session file and login again (caused by "channels.GetChannels")
2023-01-08 21:09:26,505:ERROR:__main__:Telegram says: [401 AUTH_KEY_UNREGISTERED] - The key is not registered in the system. Delete your session file and login again (caused by "channels.GetChannels")
2023-01-08 21:09:31,404:ERROR:__main__:Telegram says: [401 AUTH_KEY_UNREGISTERED] - The key is not registered in the system. Delete your session file and login again (caused by "channels.GetChannels")
2023-01-08 21:09:31,405:ERROR:__main__:Telegram says: [401 AUTH_KEY_UNREGISTERED] - The key is not registered in the system. Delete your session file and login again (caused by "channels.GetChannels")
2023-01-08 21:09:36,822:ERROR:__main__:Telegram says: [401 AUTH_KEY_UNREGISTERED] - The key is not registered in the system. Delete your session file and login again (caused by "channels.GetChannels")
2023-01-08 21:09:43,291:ERROR:__main__:Telegram says: [401 AUTH_KEY_UNREGISTERED] - The key is not registered in the system. Delete your session file and login again (caused by "channels.GetChannels")
2023-01-08 21:09:43,293:ERROR:__main__:Telegram says: [401 AUTH_KEY_UNREGISTERED] - The key is not registered in the system. Delete your session file and login again (caused by "channels.GetChannels")
2023-01-08 21:09:49,826:ERROR:__main__:Telegram says: [401 AUTH_KEY_UNREGISTERED] - The key is not registered in the system. Delete your session file and login again (caused by "channels.GetChannels")
2023-01-08 21:09:51,655:ERROR:__main__:Telegram says: [401 AUTH_KEY_UNREGISTERED] - The key is not registered in the system. Delete your session file and login again (caused by "channels.GetChannels")
2023-01-08 21:09:51,656:ERROR:__main__:Telegram says: [401 AUTH_KEY_UNREGISTERED] - The key is not registered in the system. Delete your session file and login again (caused by "channels.GetChannels")
2023-01-08 21:09:56,432:ERROR:__main__:Telegram says: [401 AUTH_KEY_UNREGISTERED] - The key is not registered in the system. Delete your session file and login again (caused by "channels.GetChannels")
2023-01-08 21:10:01,693:ERROR:__main__:Telegram says: [401 AUTH_KEY_UNREGISTERED] - The key is not registered in the system. Delete your session file and login again (caused by "channels.GetChannels")
2023-01-08 21:10:01,695:ERROR:__main__:Telegram says: [401 AUTH_KEY_UNREGISTERED] - The key is not registered in the system. Delete your session file and login again (caused by "channels.GetChannels")
2023-01-08 21:10:06,643:ERROR:__main__:Telegram says: [401 AUTH_KEY_UNREGISTERED] - The key is not registered in the system. Delete your session file and login again (caused by "channels.GetChannels")
2023-01-08 21:10:11,517:ERROR:__main__:Telegram says: [401 AUTH_KEY_UNREGISTERED] - The key is not registered in the system. Delete your session file and login again (caused by "channels.GetChannels")
2023-01-08 21:10:11,518:ERROR:__main__:Telegram says: [401 AUTH_KEY_UNREGISTERED] - The key is not registered in the system. Delete your session file and login again (caused by "channels.GetChannels")
2023-01-08 21:10:16,480:ERROR:__main__:Telegram says: [401 AUTH_KEY_UNREGISTERED] - The key is not registered in the system. Delete your session file and login again (caused by "channels.GetChannels")
2023-01-08 21:10:21,443:ERROR:__main__:Telegram says: [401 AUTH_KEY_UNREGISTERED] - The key is not registered in the system. Delete your session file and login again (caused by "channels.GetChannels")
2023-01-08 21:10:21,444:ERROR:__main__:Telegram says: [401 AUTH_KEY_UNREGISTERED] - The key is not registered in the system. Delete your session file and login again (caused by "channels.GetChannels")
2023-01-08 21:10:26,309:ERROR:__main__:Telegram says: [401 AUTH_KEY_UNREGISTERED] - The key is not registered in the system. Delete your session file and login again (caused by "channels.GetChannels")
2023-01-08 21:10:31,586:ERROR:__main__:Telegram says: [401 AUTH_KEY_UNREGISTERED] - The key is not registered in the system. Delete your session file and login again (caused by "channels.GetChannels")
2023-01-08 21:10:31,588:ERROR:__main__:Telegram says: [401 AUTH_KEY_UNREGISTERED] - The key is not registered in the system. Delete your session file and login again (caused by "channels.GetChannels")
2023-01-08 21:10:36,402:ERROR:__main__:Telegram says: [401 AUTH_KEY_UNREGISTERED] - The key is not registered in the system. Delete your session file and login again (caused by "channels.GetChannels")
2023-01-08 21:10:41,737:ERROR:__main__:Telegram says: [401 AUTH_KEY_UNREGISTERED] - The key is not registered in the system. Delete your session file and login again (caused by "channels.GetChannels")
2023-01-08 21:10:41,741:ERROR:__main__:Telegram says: [401 AUTH_KEY_UNREGISTERED] - The key is not registered in the system. Delete your session file and login again (caused by "channels.GetChannels")
2023-01-08 21:10:46,346:ERROR:__main__:Telegram says: [401 AUTH_KEY_UNREGISTERED] - The key is not registered in the system. Delete your session file and login again (caused by "channels.GetChannels")
2023-01-08 21:10:51,577:ERROR:__main__:Telegram says: [401 AUTH_KEY_UNREGISTERED] - The key is not registered in the system. Delete your session file and login again (caused by "channels.GetChannels")
2023-01-08 21:10:51,688:ERROR:__main__:Telegram says: [401 AUTH_KEY_UNREGISTERED] - The key is not registered in the system. Delete your session file and login again (caused by "channels.GetChannels")
2023-01-08 21:10:56,337:ERROR:__main__:Telegram says: [401 AUTH_KEY_UNREGISTERED] - The key is not registered in the system. Delete your session file and login again (caused by "channels.GetChannels")
2023-01-08 21:11:01,487:ERROR:__main__:Telegram says: [401 AUTH_KEY_UNREGISTERED] - The key is not registered in the system. Delete your session file and login again (caused by "channels.GetChannels")
2023-01-08 21:11:01,489:ERROR:__main__:Telegram says: [401 AUTH_KEY_UNREGISTERED] - The key is not registered in the system. Delete your session file and login again (caused by "channels.GetChannels")
2023-01-08 21:11:06,328:ERROR:__main__:Telegram says: [401 AUTH_KEY_UNREGISTERED] - The key is not registered in the system. Delete your session file and login again (caused by "channels.GetChannels")
2023-01-08 21:11:11,365:ERROR:__main__:Telegram says: [401 AUTH_KEY_UNREGISTERED] - The key is not registered in the system. Delete your session file and login again (caused by "channels.GetChannels")
2023-01-08 21:11:11,367:ERROR:__main__:Telegram says: [401 AUTH_KEY_UNREGISTERED] - The key is not registered in the system. Delete your session file and login again (caused by "channels.GetChannels")
2023-01-08 21:11:16,421:ERROR:__main__:Telegram says: [401 AUTH_KEY_UNREGISTERED] - The key is not registered in the system. Delete your session file and login again (caused by "channels.GetChannels")
2023-01-08 21:11:21,383:ERROR:__main__:Telegram says: [401 AUTH_KEY_UNREGISTERED] - The key is not registered in the system. Delete your session file and login again (caused by "channels.GetChannels")
2023-01-08 21:11:21,386:ERROR:__main__:Telegram says: [401 AUTH_KEY_UNREGISTERED] - The key is not registered in the system. Delete your session file and login again (caused by "channels.GetChannels")
2023-01-08 21:11:26,333:ERROR:__main__:Telegram says: [401 AUTH_KEY_UNREGISTERED] - The key is not registered in the system. Delete your session file and login again (caused by "channels.GetChannels")
2023-01-08 21:11:31,476:ERROR:__main__:Telegram says: [401 AUTH_KEY_UNREGISTERED] - The key is not registered in the system. Delete your session file and login again (caused by "channels.GetChannels")
2023-01-08 21:11:31,477:ERROR:__main__:Telegram says: [401 AUTH_KEY_UNREGISTERED] - The key is not registered in the system. Delete your session file and login again (caused by "channels.GetChannels")
2023-01-08 21:11:36,321:ERROR:__main__:Telegram says: [401 AUTH_KEY_UNREGISTERED] - The key is not registered in the system. Delete your session file and login again (caused by "channels.GetChannels")
2023-01-08 21:11:41,385:ERROR:__main__:Telegram says: [401 AUTH_KEY_UNREGISTERED] - The key is not registered in the system. Delete your session file and login again (caused by "channels.GetChannels")
2023-01-08 21:11:41,386:ERROR:__main__:Telegram says: [401 AUTH_KEY_UNREGISTERED] - The key is not registered in the system. Delete your session file and login again (caused by "channels.GetChannels")
2023-01-08 21:11:50,217:ERROR:__main__:Telegram says: [401 AUTH_KEY_UNREGISTERED] - The key is not registered in the system. Delete your session file and login again (caused by "channels.GetChannels")
2023-01-08 21:11:56,414:ERROR:__main__:Telegram says: [401 AUTH_KEY_UNREGISTERED] - The key is not registered in the system. Delete your session file and login again (caused by "channels.GetChannels")
2023-01-08 21:12:01,519:ERROR:__main__:Telegram says: [401 AUTH_KEY_UNREGISTERED] - The key is not registered in the system. Delete your session file and login again (caused by "channels.GetChannels")
2023-01-08 21:12:01,521:ERROR:__main__:Telegram says: [401 AUTH_KEY_UNREGISTERED] - The key is not registered in the system. Delete your session file and login again (caused by "channels.GetChannels")
2023-01-08 21:12:06,411:ERROR:__main__:Telegram says: [401 AUTH_KEY_UNREGISTERED] - The key is not registered in the system. Delete your session file and login again (caused by "channels.GetChannels")
2023-01-08 21:12:11,465:ERROR:__main__:Telegram says: [401 SESSION_PASSWORD_NEEDED] - The two-step verification is enabled and a password is required (caused by "channels.GetChannels")
2023-01-08 21:12:11,468:ERROR:__main__:Telegram says: [401 SESSION_PASSWORD_NEEDED] - The two-step verification is enabled and a password is required (caused by "channels.GetChannels")
2023-01-08 21:12:16,515:ERROR:__main__:Telegram says: [401 SESSION_PASSWORD_NEEDED] - The two-step verification is enabled and a password is required (caused by "channels.GetChannels")
2023-01-08 21:17:48,827:ERROR:__main__:Telegram says: [401 AUTH_KEY_UNREGISTERED] - The key is not registered in the system. Delete your session file and login again (caused by "channels.GetChannels")
2023-01-08 21:17:58,813:ERROR:__main__:Telegram says: [401 AUTH_KEY_UNREGISTERED] - The key is not registered in the system. Delete your session file and login again (caused by "channels.GetChannels")
2023-01-08 21:18:28,913:ERROR:__main__:Telegram says: [401 SESSION_PASSWORD_NEEDED] - The two-step verification is enabled and a password is required (caused by "channels.GetChannels")
2023-01-08 21:18:28,916:ERROR:__main__:Telegram says: [401 SESSION_PASSWORD_NEEDED] - The two-step verification is enabled and a password is required (caused by "channels.GetChannels")
2023-01-08 21:26:22,285:ERROR:__main__:Telegram says: [401 AUTH_KEY_UNREGISTERED] - The key is not registered in the system. Delete your session file and login again (caused by "channels.GetChannels")
2023-01-08 21:26:32,275:ERROR:__main__:Telegram says: [401 SESSION_PASSWORD_NEEDED] - The two-step verification is enabled and a password is required (caused by "channels.GetChannels")
2023-01-08 21:27:42,655:ERROR:__main__:Telegram says: [420 FLOOD_WAIT_X] - A wait of 60 seconds is required (caused by "messages.ForwardMessages")
2023-01-09 16:55:15,421:ERROR:__main__:Telegram says: [401 SESSION_PASSWORD_NEEDED] - The two-step verification is enabled and a password is required (caused by "channels.GetChannels")
2023-01-09 16:55:15,700:ERROR:__main__:Telegram says: [401 SESSION_PASSWORD_NEEDED] - The two-step verification is enabled and a password is required (caused by "channels.GetChannels")
2023-01-09 16:55:15,950:ERROR:__main__:Telegram says: [401 SESSION_PASSWORD_NEEDED] - The two-step verification is enabled and a password is required (caused by "messages.GetChats")
2023-01-09 16:55:16,203:ERROR:__main__:Telegram says: [401 SESSION_PASSWORD_NEEDED] - The two-step verification is enabled and a password is required (caused by "messages.GetChats")
2023-01-09 16:55:16,436:ERROR:__main__:Telegram says: [401 SESSION_PASSWORD_NEEDED] - The two-step verification is enabled and a password is required (caused by "messages.GetChats")
2023-01-09 16:55:16,781:ERROR:__main__:Telegram says: [401 SESSION_PASSWORD_NEEDED] - The two-step verification is enabled and a password is required (caused by "channels.GetChannels")
2023-01-09 16:55:17,015:ERROR:__main__:Telegram says: [401 SESSION_PASSWORD_NEEDED] - The two-step verification is enabled and a password is required (caused by "channels.GetChannels")
2023-01-09 16:55:17,252:ERROR:__main__:Telegram says: [401 SESSION_PASSWORD_NEEDED] - The two-step verification is enabled and a password is required (caused by "messages.GetChats")
2023-01-09 16:55:17,501:ERROR:__main__:Telegram says: [401 SESSION_PASSWORD_NEEDED] - The two-step verification is enabled and a password is required (caused by "messages.GetChats")
2023-01-09 16:55:17,736:ERROR:__main__:Telegram says: [401 SESSION_PASSWORD_NEEDED] - The two-step verification is enabled and a password is required (caused by "messages.GetChats")
2023-01-09 16:55:18,126:ERROR:__main__:Telegram says: [401 SESSION_PASSWORD_NEEDED] - The two-step verification is enabled and a password is required (caused by "channels.GetChannels")
2023-01-09 16:55:18,357:ERROR:__main__:Telegram says: [401 SESSION_PASSWORD_NEEDED] - The two-step verification is enabled and a password is required (caused by "channels.GetChannels")
2023-01-09 16:56:38,026:ERROR:__main__:Connection lost
2023-01-09 17:36:42,231:ERROR:__main__:Telegram says: [403 CHAT_WRITE_FORBIDDEN] - You don't have rights to send messages in this chat (caused by "messages.ForwardMessages")
2023-01-09 17:36:47,867:ERROR:__main__:Telegram says: [403 CHAT_WRITE_FORBIDDEN] - You don't have rights to send messages in this chat (caused by "messages.ForwardMessages")
2023-01-09 17:37:04,870:ERROR:__main__:Telegram says: [403 CHAT_WRITE_FORBIDDEN] - You don't have rights to send messages in this chat (caused by "messages.ForwardMessages")
2023-01-09 17:37:09,079:ERROR:__main__:Telegram says: [403 CHAT_WRITE_FORBIDDEN] - You don't have rights to send messages in this chat (caused by "messages.ForwardMessages")
2023-01-09 17:37:22,228:ERROR:__main__:Telegram says: [403 CHAT_WRITE_FORBIDDEN] - You don't have rights to send messages in this chat (caused by "messages.ForwardMessages")
2023-01-09 17:37:26,270:ERROR:__main__:Telegram says: [403 CHAT_WRITE_FORBIDDEN] - You don't have rights to send messages in this chat (caused by "messages.ForwardMessages")
2023-01-09 17:37:39,013:ERROR:__main__:Telegram says: [403 CHAT_WRITE_FORBIDDEN] - You don't have rights to send messages in this chat (caused by "messages.ForwardMessages")
2023-01-09 17:37:44,908:ERROR:__main__:Telegram says: [403 CHAT_WRITE_FORBIDDEN] - You don't have rights to send messages in this chat (caused by "messages.ForwardMessages")
2023-01-09 17:37:55,366:ERROR:__main__:Telegram says: [420 SLOWMODE_WAIT_X] - A wait of 3 seconds is required to send messages in this chat. (caused by "messages.ForwardMessages")
2023-01-09 17:38:01,256:ERROR:__main__:Telegram says: [403 CHAT_WRITE_FORBIDDEN] - You don't have rights to send messages in this chat (caused by "messages.ForwardMessages")
2023-01-09 17:38:04,300:ERROR:__main__:Telegram says: [403 CHAT_WRITE_FORBIDDEN] - You don't have rights to send messages in this chat (caused by "messages.ForwardMessages")
2023-01-09 17:38:05,637:ERROR:__main__:Telegram says: [403 CHAT_WRITE_FORBIDDEN] - You don't have rights to send messages in this chat (caused by "messages.ForwardMessages")
2023-01-09 17:38:18,168:ERROR:__main__:Telegram says: [403 CHAT_WRITE_FORBIDDEN] - You don't have rights to send messages in this chat (caused by "messages.ForwardMessages")
2023-01-09 17:38:20,863:ERROR:__main__:Telegram says: [403 CHAT_WRITE_FORBIDDEN] - You don't have rights to send messages in this chat (caused by "messages.ForwardMessages")
2023-01-09 17:38:22,182:ERROR:__main__:Telegram says: [403 CHAT_WRITE_FORBIDDEN] - You don't have rights to send messages in this chat (caused by "messages.ForwardMessages")
2023-01-09 17:38:34,489:ERROR:__main__:Telegram says: [403 CHAT_WRITE_FORBIDDEN] - You don't have rights to send messages in this chat (caused by "messages.ForwardMessages")
2023-01-09 17:38:37,457:ERROR:__main__:Telegram says: [403 CHAT_WRITE_FORBIDDEN] - You don't have rights to send messages in this chat (caused by "messages.ForwardMessages")
2023-01-09 17:38:38,914:ERROR:__main__:Telegram says: [403 CHAT_WRITE_FORBIDDEN] - You don't have rights to send messages in this chat (caused by "messages.ForwardMessages")
2023-01-09 17:38:51,775:ERROR:__main__:Telegram says: [403 CHAT_WRITE_FORBIDDEN] - You don't have rights to send messages in this chat (caused by "messages.ForwardMessages")
2023-01-09 17:38:55,115:ERROR:__main__:Telegram says: [403 CHAT_WRITE_FORBIDDEN] - You don't have rights to send messages in this chat (caused by "messages.ForwardMessages")
2023-01-09 17:38:56,417:ERROR:__main__:Telegram says: [403 CHAT_WRITE_FORBIDDEN] - You don't have rights to send messages in this chat (caused by "messages.ForwardMessages")
2023-01-09 17:39:08,391:ERROR:__main__:Telegram says: [403 CHAT_WRITE_FORBIDDEN] - You don't have rights to send messages in this chat (caused by "messages.ForwardMessages")
2023-01-09 17:39:11,136:ERROR:__main__:Telegram says: [403 CHAT_WRITE_FORBIDDEN] - You don't have rights to send messages in this chat (caused by "messages.ForwardMessages")
2023-01-09 17:39:12,421:ERROR:__main__:Telegram says: [403 CHAT_WRITE_FORBIDDEN] - You don't have rights to send messages in this chat (caused by "messages.ForwardMessages")
2023-01-09 17:39:24,915:ERROR:__main__:Telegram says: [403 CHAT_WRITE_FORBIDDEN] - You don't have rights to send messages in this chat (caused by "messages.ForwardMessages")
2023-01-09 17:39:28,344:ERROR:__main__:Telegram says: [403 CHAT_WRITE_FORBIDDEN] - You don't have rights to send messages in this chat (caused by "messages.ForwardMessages")
2023-01-09 17:39:29,588:ERROR:__main__:Telegram says: [403 CHAT_WRITE_FORBIDDEN] - You don't have rights to send messages in this chat (caused by "messages.ForwardMessages")
2023-01-09 17:39:42,007:ERROR:__main__:Telegram says: [403 CHAT_WRITE_FORBIDDEN] - You don't have rights to send messages in this chat (caused by "messages.ForwardMessages")
2023-01-09 17:39:44,762:ERROR:__main__:Telegram says: [403 CHAT_WRITE_FORBIDDEN] - You don't have rights to send messages in this chat (caused by "messages.ForwardMessages")
2023-01-09 17:39:46,221:ERROR:__main__:Telegram says: [403 CHAT_WRITE_FORBIDDEN] - You don't have rights to send messages in this chat (caused by "messages.ForwardMessages")
2023-01-09 17:39:58,401:ERROR:__main__:Telegram says: [403 CHAT_WRITE_FORBIDDEN] - You don't have rights to send messages in this chat (caused by "messages.ForwardMessages")
2023-01-09 17:40:01,243:ERROR:__main__:Telegram says: [403 CHAT_WRITE_FORBIDDEN] - You don't have rights to send messages in this chat (caused by "messages.ForwardMessages")
2023-01-09 17:40:02,571:ERROR:__main__:Telegram says: [403 CHAT_WRITE_FORBIDDEN] - You don't have rights to send messages in this chat (caused by "messages.ForwardMessages")
2023-01-09 17:40:17,044:ERROR:__main__:Telegram says: [403 CHAT_WRITE_FORBIDDEN] - You don't have rights to send messages in this chat (caused by "messages.ForwardMessages")
2023-01-09 17:40:21,529:ERROR:__main__:Telegram says: [403 CHAT_WRITE_FORBIDDEN] - You don't have rights to send messages in this chat (caused by "messages.ForwardMessages")
2023-01-09 17:40:23,210:ERROR:__main__:Telegram says: [403 CHAT_WRITE_FORBIDDEN] - You don't have rights to send messages in this chat (caused by "messages.ForwardMessages")
2023-01-09 17:40:39,024:ERROR:__main__:Telegram says: [420 SLOWMODE_WAIT_X] - A wait of 7 seconds is required to send messages in this chat. (caused by "messages.ForwardMessages")
2023-01-09 17:40:39,886:ERROR:__main__:Telegram says: [403 CHAT_WRITE_FORBIDDEN] - You don't have rights to send messages in this chat (caused by "messages.ForwardMessages")
2023-01-09 17:40:42,284:ERROR:__main__:Telegram says: [420 SLOWMODE_WAIT_X] - A wait of 8 seconds is required to send messages in this chat. (caused by "messages.ForwardMessages")
2023-01-09 17:40:43,490:ERROR:__main__:Telegram says: [403 CHAT_WRITE_FORBIDDEN] - You don't have rights to send messages in this chat (caused by "messages.ForwardMessages")
2023-01-09 17:40:45,227:ERROR:__main__:Telegram says: [403 CHAT_WRITE_FORBIDDEN] - You don't have rights to send messages in this chat (caused by "messages.ForwardMessages")
2023-01-09 17:40:51,825:ERROR:__main__:Telegram says: [420 SLOWMODE_WAIT_X] - A wait of 8 seconds is required to send messages in this chat. (caused by "messages.ForwardMessages")
2023-01-09 17:40:55,934:ERROR:__main__:Telegram says: [420 SLOWMODE_WAIT_X] - A wait of 38 seconds is required to send messages in this chat. (caused by "messages.ForwardMessages")
2023-01-09 17:41:01,740:ERROR:__main__:Telegram says: [403 CHAT_WRITE_FORBIDDEN] - You don't have rights to send messages in this chat (caused by "messages.ForwardMessages")
2023-01-09 17:41:04,387:ERROR:__main__:Telegram says: [403 CHAT_WRITE_FORBIDDEN] - You don't have rights to send messages in this chat (caused by "messages.ForwardMessages")
2023-01-09 17:41:05,602:ERROR:__main__:Telegram says: [403 CHAT_WRITE_FORBIDDEN] - You don't have rights to send messages in this chat (caused by "messages.ForwardMessages")
2023-01-09 17:41:17,859:ERROR:__main__:Telegram says: [403 CHAT_WRITE_FORBIDDEN] - You don't have rights to send messages in this chat (caused by "messages.ForwardMessages")
2023-01-09 17:41:20,815:ERROR:__main__:Telegram says: [403 CHAT_WRITE_FORBIDDEN] - You don't have rights to send messages in this chat (caused by "messages.ForwardMessages")
2023-01-09 17:41:22,191:ERROR:__main__:Telegram says: [403 CHAT_WRITE_FORBIDDEN] - You don't have rights to send messages in this chat (caused by "messages.ForwardMessages")
2023-01-09 17:41:34,898:ERROR:__main__:Telegram says: [403 CHAT_WRITE_FORBIDDEN] - You don't have rights to send messages in this chat (caused by "messages.ForwardMessages")
2023-01-09 17:41:38,908:ERROR:__main__:Telegram says: [403 CHAT_WRITE_FORBIDDEN] - You don't have rights to send messages in this chat (caused by "messages.ForwardMessages")
2023-01-09 17:41:40,709:ERROR:__main__:Telegram says: [403 CHAT_WRITE_FORBIDDEN] - You don't have rights to send messages in this chat (caused by "messages.ForwardMessages")
2023-01-09 17:41:56,590:ERROR:__main__:Telegram says: [420 SLOWMODE_WAIT_X] - A wait of 7 seconds is required to send messages in this chat. (caused by "messages.ForwardMessages")
2023-01-09 17:41:57,473:ERROR:__main__:Telegram says: [403 CHAT_WRITE_FORBIDDEN] - You don't have rights to send messages in this chat (caused by "messages.ForwardMessages")
2023-01-09 17:42:00,060:ERROR:__main__:Telegram says: [420 SLOWMODE_WAIT_X] - A wait of 8 seconds is required to send messages in this chat. (caused by "messages.ForwardMessages")
2023-01-09 17:42:01,346:ERROR:__main__:Telegram says: [403 CHAT_WRITE_FORBIDDEN] - You don't have rights to send messages in this chat (caused by "messages.ForwardMessages")
2023-01-09 17:42:03,153:ERROR:__main__:Telegram says: [403 CHAT_WRITE_FORBIDDEN] - You don't have rights to send messages in this chat (caused by "messages.ForwardMessages")
2023-01-09 17:42:10,083:ERROR:__main__:Telegram says: [420 SLOWMODE_WAIT_X] - A wait of 8 seconds is required to send messages in this chat. (caused by "messages.ForwardMessages")
2023-01-09 17:42:13,546:ERROR:__main__:Telegram says: [420 SLOWMODE_WAIT_X] - A wait of 37 seconds is required to send messages in this chat. (caused by "messages.ForwardMessages")
2023-01-09 17:42:20,362:ERROR:__main__:Telegram says: [403 CHAT_WRITE_FORBIDDEN] - You don't have rights to send messages in this chat (caused by "messages.ForwardMessages")
2023-01-09 17:42:24,371:ERROR:__main__:Telegram says: [403 CHAT_WRITE_FORBIDDEN] - You don't have rights to send messages in this chat (caused by "messages.ForwardMessages")
2023-01-09 17:42:26,145:ERROR:__main__:Telegram says: [403 CHAT_WRITE_FORBIDDEN] - You don't have rights to send messages in this chat (caused by "messages.ForwardMessages")
2023-01-09 17:42:36,514:ERROR:__main__:Telegram says: [420 SLOWMODE_WAIT_X] - A wait of 14 seconds is required to send messages in this chat. (caused by "messages.ForwardMessages")
2023-01-09 17:42:40,298:ERROR:__main__:Telegram says: [420 SLOWMODE_WAIT_X] - A wait of 9 seconds is required to send messages in this chat. (caused by "messages.ForwardMessages")
2023-01-09 17:42:41,572:ERROR:__main__:Telegram says: [420 SLOWMODE_WAIT_X] - A wait of 8 seconds is required to send messages in this chat. (caused by "messages.ForwardMessages")
2023-01-09 17:42:42,110:ERROR:__main__:Telegram says: [420 SLOWMODE_WAIT_X] - A wait of 8 seconds is required to send messages in this chat. (caused by "messages.ForwardMessages")
2023-01-09 17:42:42,560:ERROR:__main__:Telegram says: [420 SLOWMODE_WAIT_X] - A wait of 7 seconds is required to send messages in this chat. (caused by "messages.ForwardMessages")
2023-01-09 17:42:43,252:ERROR:__main__:Telegram says: [403 CHAT_WRITE_FORBIDDEN] - You don't have rights to send messages in this chat (caused by "messages.ForwardMessages")
2023-01-09 17:42:43,761:ERROR:__main__:Telegram says: [403 CHAT_WRITE_FORBIDDEN] - You don't have rights to send messages in this chat (caused by "messages.ForwardMessages")
2023-01-09 17:42:43,888:ERROR:__main__:Telegram says: [420 SLOWMODE_WAIT_X] - A wait of 6 seconds is required to send messages in this chat. (caused by "messages.ForwardMessages")
2023-01-09 17:42:44,888:ERROR:__main__:Telegram says: [403 CHAT_WRITE_FORBIDDEN] - You don't have rights to send messages in this chat (caused by "messages.ForwardMessages")
2023-01-09 17:42:45,664:ERROR:__main__:Telegram says: [420 SLOWMODE_WAIT_X] - A wait of 9 seconds is required to send messages in this chat. (caused by "messages.ForwardMessages")
2023-01-09 17:42:45,876:ERROR:__main__:Telegram says: [420 SLOWMODE_WAIT_X] - A wait of 7 seconds is required to send messages in this chat. (caused by "messages.ForwardMessages")
2023-01-09 17:42:46,428:ERROR:__main__:Telegram says: [420 SLOWMODE_WAIT_X] - A wait of 6 seconds is required to send messages in this chat. (caused by "messages.ForwardMessages")
2023-01-09 17:42:46,911:ERROR:__main__:Telegram says: [420 SLOWMODE_WAIT_X] - A wait of 8 seconds is required to send messages in this chat. (caused by "messages.ForwardMessages")
2023-01-09 17:42:47,258:ERROR:__main__:Telegram says: [403 CHAT_WRITE_FORBIDDEN] - You don't have rights to send messages in this chat (caused by "messages.ForwardMessages")
2023-01-09 17:42:47,700:ERROR:__main__:Telegram says: [420 SLOWMODE_WAIT_X] - A wait of 5 seconds is required to send messages in this chat. (caused by "messages.ForwardMessages")
2023-01-09 17:42:47,808:ERROR:__main__:Telegram says: [403 CHAT_WRITE_FORBIDDEN] - You don't have rights to send messages in this chat (caused by "messages.ForwardMessages")
2023-01-09 17:42:49,116:ERROR:__main__:Telegram says: [403 CHAT_WRITE_FORBIDDEN] - You don't have rights to send messages in this chat (caused by "messages.ForwardMessages")
2023-01-09 17:42:49,220:ERROR:__main__:Telegram says: [403 CHAT_WRITE_FORBIDDEN] - You don't have rights to send messages in this chat (caused by "messages.ForwardMessages")
2023-01-09 17:42:49,891:ERROR:__main__:Telegram says: [403 CHAT_WRITE_FORBIDDEN] - You don't have rights to send messages in this chat (caused by "messages.ForwardMessages")
2023-01-09 17:42:51,116:ERROR:__main__:Telegram says: [403 CHAT_WRITE_FORBIDDEN] - You don't have rights to send messages in this chat (caused by "messages.ForwardMessages")
2023-01-09 17:42:57,043:ERROR:__main__:Telegram says: [420 SLOWMODE_WAIT_X] - A wait of 6 seconds is required to send messages in this chat. (caused by "messages.ForwardMessages")
2023-01-09 17:42:57,685:ERROR:__main__:Telegram says: [420 SLOWMODE_WAIT_X] - A wait of 5 seconds is required to send messages in this chat. (caused by "messages.ForwardMessages")
2023-01-09 17:42:58,659:ERROR:__main__:Telegram says: [420 SLOWMODE_WAIT_X] - A wait of 4 seconds is required to send messages in this chat. (caused by "messages.ForwardMessages")
2023-01-09 17:43:01,647:ERROR:__main__:Telegram says: [420 SLOWMODE_WAIT_X] - A wait of 9 seconds is required to send messages in this chat. (caused by "messages.ForwardMessages")
2023-01-09 17:43:01,975:ERROR:__main__:Telegram says: [420 SLOWMODE_WAIT_X] - A wait of 59 seconds is required to send messages in this chat. (caused by "messages.ForwardMessages")
2023-01-09 17:43:02,485:ERROR:__main__:Telegram says: [420 SLOWMODE_WAIT_X] - A wait of 8 seconds is required to send messages in this chat. (caused by "messages.ForwardMessages")
2023-01-09 17:43:02,768:ERROR:__main__:Telegram says: [420 SLOWMODE_WAIT_X] - A wait of 58 seconds is required to send messages in this chat. (caused by "messages.ForwardMessages")
2023-01-09 17:43:06,893:ERROR:__main__:Telegram says: [420 SLOWMODE_WAIT_X] - A wait of 9 seconds is required to send messages in this chat. (caused by "messages.ForwardMessages")
2023-01-09 17:43:08,873:ERROR:__main__:Telegram says: [403 CHAT_WRITE_FORBIDDEN] - You don't have rights to send messages in this chat (caused by "messages.ForwardMessages")
2023-01-09 17:43:09,316:ERROR:__main__:Telegram says: [420 SLOWMODE_WAIT_X] - A wait of 28 seconds is required to send messages in this chat. (caused by "messages.ForwardMessages")
2023-01-09 17:43:09,555:ERROR:__main__:Telegram says: [403 Forbidden] - [403 CHAT_SEND_PHOTOS_FORBIDDEN] (caused by "messages.ForwardMessages")
2023-01-09 17:43:10,205:ERROR:__main__:Telegram says: [403 CHAT_WRITE_FORBIDDEN] - You don't have rights to send messages in this chat (caused by "messages.ForwardMessages")
2023-01-09 17:43:10,950:ERROR:__main__:Telegram says: [403 CHAT_WRITE_FORBIDDEN] - You don't have rights to send messages in this chat (caused by "messages.ForwardMessages")
2023-01-09 17:43:12,240:ERROR:__main__:Telegram says: [420 SLOWMODE_WAIT_X] - A wait of 9 seconds is required to send messages in this chat. (caused by "messages.ForwardMessages")
2023-01-09 17:43:12,915:ERROR:__main__:Telegram says: [403 CHAT_WRITE_FORBIDDEN] - You don't have rights to send messages in this chat (caused by "messages.ForwardMessages")
2023-01-09 17:43:13,018:ERROR:__main__:Telegram says: [420 SLOWMODE_WAIT_X] - A wait of 29 seconds is required to send messages in this chat. (caused by "messages.ForwardMessages")
2023-01-09 17:43:13,951:ERROR:__main__:Telegram says: [403 Forbidden] - [403 CHAT_SEND_PHOTOS_FORBIDDEN] (caused by "messages.ForwardMessages")
2023-01-09 17:43:14,223:ERROR:__main__:Telegram says: [403 Forbidden] - [403 CHAT_SEND_PHOTOS_FORBIDDEN] (caused by "messages.ForwardMessages")
2023-01-09 17:43:14,333:ERROR:__main__:Telegram says: [403 CHAT_WRITE_FORBIDDEN] - You don't have rights to send messages in this chat (caused by "messages.ForwardMessages")
2023-01-09 17:43:14,458:ERROR:__main__:Telegram says: [403 CHAT_WRITE_FORBIDDEN] - You don't have rights to send messages in this chat (caused by "messages.ForwardMessages")
2023-01-09 17:43:16,285:ERROR:__main__:Telegram says: [403 CHAT_WRITE_FORBIDDEN] - You don't have rights to send messages in this chat (caused by "messages.ForwardMessages")
2023-01-09 17:43:16,701:ERROR:__main__:Telegram says: [403 CHAT_WRITE_FORBIDDEN] - You don't have rights to send messages in this chat (caused by "messages.ForwardMessages")
2023-01-09 17:43:17,625:ERROR:__main__:Telegram says: [403 Forbidden] - [403 CHAT_SEND_PHOTOS_FORBIDDEN] (caused by "messages.ForwardMessages")
2023-01-09 17:43:18,286:ERROR:__main__:Telegram says: [403 CHAT_WRITE_FORBIDDEN] - You don't have rights to send messages in this chat (caused by "messages.ForwardMessages")
2023-01-09 17:43:23,898:ERROR:__main__:Telegram says: [420 SLOWMODE_WAIT_X] - A wait of 28 seconds is required to send messages in this chat. (caused by "messages.ForwardMessages")
2023-01-09 17:43:26,186:ERROR:__main__:Telegram says: [420 SLOWMODE_WAIT_X] - A wait of 34 seconds is required to send messages in this chat. (caused by "messages.ForwardMessages")
2023-01-09 17:43:27,314:ERROR:__main__:Telegram says: [420 SLOWMODE_WAIT_X] - A wait of 8 seconds is required to send messages in this chat. (caused by "messages.ForwardMessages")
2023-01-09 17:43:27,640:ERROR:__main__:Telegram says: [420 SLOWMODE_WAIT_X] - A wait of 33 seconds is required to send messages in this chat. (caused by "messages.ForwardMessages")
2023-01-09 17:43:31,732:ERROR:__main__:Telegram says: [420 SLOWMODE_WAIT_X] - A wait of 8 seconds is required to send messages in this chat. (caused by "messages.ForwardMessages")
2023-01-09 17:43:33,372:ERROR:__main__:Telegram says: [420 SLOWMODE_WAIT_X] - A wait of 4 seconds is required to send messages in this chat. (caused by "messages.ForwardMessages")
2023-01-09 17:43:33,859:ERROR:__main__:Telegram says: [420 SLOWMODE_WAIT_X] - A wait of 6 seconds is required to send messages in this chat. (caused by "messages.ForwardMessages")
2023-01-09 17:43:34,235:ERROR:__main__:Telegram says: [420 SLOWMODE_WAIT_X] - A wait of 3 seconds is required to send messages in this chat. (caused by "messages.ForwardMessages")
2023-01-09 17:43:34,469:ERROR:__main__:Telegram says: [403 CHAT_WRITE_FORBIDDEN] - You don't have rights to send messages in this chat (caused by "messages.ForwardMessages")
2023-01-09 17:43:35,143:ERROR:__main__:Telegram says: [403 Forbidden] - [403 CHAT_SEND_PHOTOS_FORBIDDEN] (caused by "messages.ForwardMessages")
2023-01-09 17:43:35,352:ERROR:__main__:Telegram says: [403 CHAT_WRITE_FORBIDDEN] - You don't have rights to send messages in this chat (caused by "messages.ForwardMessages")
2023-01-09 17:43:36,353:ERROR:__main__:Telegram says: [420 SLOWMODE_WAIT_X] - A wait of 1 seconds is required to send messages in this chat. (caused by "messages.ForwardMessages")
2023-01-09 17:43:37,233:ERROR:__main__:Telegram says: [420 SLOWMODE_WAIT_X] - A wait of 5 seconds is required to send messages in this chat. (caused by "messages.ForwardMessages")
2023-01-09 17:43:37,356:ERROR:__main__:Telegram says: [403 CHAT_WRITE_FORBIDDEN] - You don't have rights to send messages in this chat (caused by "messages.ForwardMessages")
2023-01-09 17:43:37,461:ERROR:__main__:Telegram says: [420 SLOWMODE_WAIT_X] - A wait of 9 seconds is required to send messages in this chat. (caused by "messages.ForwardMessages")
2023-01-09 17:43:38,253:ERROR:__main__:Telegram says: [420 SLOWMODE_WAIT_X] - A wait of 4 seconds is required to send messages in this chat. (caused by "messages.ForwardMessages")
2023-01-09 17:43:38,624:ERROR:__main__:Telegram says: [403 CHAT_WRITE_FORBIDDEN] - You don't have rights to send messages in this chat (caused by "messages.ForwardMessages")
2023-01-09 17:43:39,290:ERROR:__main__:Telegram says: [420 SLOWMODE_WAIT_X] - A wait of 7 seconds is required to send messages in this chat. (caused by "messages.ForwardMessages")
2023-01-09 17:43:39,782:ERROR:__main__:Telegram says: [403 Forbidden] - [403 CHAT_SEND_PHOTOS_FORBIDDEN] (caused by "messages.ForwardMessages")
2023-01-09 17:43:39,999:ERROR:__main__:Telegram says: [403 CHAT_WRITE_FORBIDDEN] - You don't have rights to send messages in this chat (caused by "messages.ForwardMessages")
2023-01-09 17:43:40,107:ERROR:__main__:Telegram says: [403 Forbidden] - [403 CHAT_SEND_PHOTOS_FORBIDDEN] (caused by "messages.ForwardMessages")
2023-01-09 17:43:40,242:ERROR:__main__:Telegram says: [420 SLOWMODE_WAIT_X] - A wait of 1 seconds is required to send messages in this chat. (caused by "messages.ForwardMessages")
2023-01-09 17:43:40,360:ERROR:__main__:Telegram says: [403 CHAT_WRITE_FORBIDDEN] - You don't have rights to send messages in this chat (caused by "messages.ForwardMessages")
2023-01-09 17:43:41,635:ERROR:__main__:Telegram says: [403 CHAT_WRITE_FORBIDDEN] - You don't have rights to send messages in this chat (caused by "messages.ForwardMessages")
2023-01-09 17:43:42,103:ERROR:__main__:Telegram says: [403 CHAT_WRITE_FORBIDDEN] - You don't have rights to send messages in this chat (caused by "messages.ForwardMessages")
2023-01-09 17:43:43,349:ERROR:__main__:Telegram says: [403 Forbidden] - [403 CHAT_SEND_PHOTOS_FORBIDDEN] (caused by "messages.ForwardMessages")
2023-01-09 17:43:43,559:ERROR:__main__:Telegram says: [403 CHAT_WRITE_FORBIDDEN] - You don't have rights to send messages in this chat (caused by "messages.ForwardMessages")
2023-01-09 17:43:47,145:ERROR:__main__:Telegram says: [420 SLOWMODE_WAIT_X] - A wait of 5 seconds is required to send messages in this chat. (caused by "messages.ForwardMessages")
2023-01-09 17:43:49,454:ERROR:__main__:Telegram says: [420 SLOWMODE_WAIT_X] - A wait of 2 seconds is required to send messages in this chat. (caused by "messages.ForwardMessages")
2023-01-09 17:43:50,884:ERROR:__main__:Telegram says: [420 SLOWMODE_WAIT_X] - A wait of 1 seconds is required to send messages in this chat. (caused by "messages.ForwardMessages")
2023-01-09 17:43:51,012:ERROR:__main__:Telegram says: [420 SLOWMODE_WAIT_X] - A wait of 10 seconds is required to send messages in this chat. (caused by "messages.ForwardMessages")
2023-01-09 17:43:52,990:ERROR:__main__:Telegram says: [420 SLOWMODE_WAIT_X] - A wait of 8 seconds is required to send messages in this chat. (caused by "messages.ForwardMessages")
2023-01-09 17:43:53,234:ERROR:__main__:Telegram says: [420 SLOWMODE_WAIT_X] - A wait of 7 seconds is required to send messages in this chat. (caused by "messages.ForwardMessages")
2023-01-09 17:43:54,556:ERROR:__main__:Telegram says: [420 SLOWMODE_WAIT_X] - A wait of 6 seconds is required to send messages in this chat. (caused by "messages.ForwardMessages")
2023-01-09 17:43:55,099:ERROR:__main__:Telegram says: [420 SLOWMODE_WAIT_X] - A wait of 6 seconds is required to send messages in this chat. (caused by "messages.ForwardMessages")
2023-01-09 17:43:57,928:ERROR:__main__:Telegram says: [403 CHAT_WRITE_FORBIDDEN] - You don't have rights to send messages in this chat (caused by "messages.ForwardMessages")
2023-01-09 17:43:59,236:ERROR:__main__:Telegram says: [420 SLOWMODE_WAIT_X] - A wait of 9 seconds is required to send messages in this chat. (caused by "messages.ForwardMessages")
2023-01-09 17:44:01,250:ERROR:__main__:Telegram says: [403 CHAT_WRITE_FORBIDDEN] - You don't have rights to send messages in this chat (caused by "messages.ForwardMessages")
2023-01-09 17:44:01,370:ERROR:__main__:Telegram says: [403 CHAT_WRITE_FORBIDDEN] - You don't have rights to send messages in this chat (caused by "messages.ForwardMessages")
2023-01-09 17:44:01,828:ERROR:__main__:Telegram says: [420 SLOWMODE_WAIT_X] - A wait of 28 seconds is required to send messages in this chat. (caused by "messages.ForwardMessages")
2023-01-09 17:44:02,772:ERROR:__main__:Telegram says: [403 CHAT_WRITE_FORBIDDEN] - You don't have rights to send messages in this chat (caused by "messages.ForwardMessages")
2023-01-09 17:44:02,910:ERROR:__main__:Telegram says: [403 CHAT_WRITE_FORBIDDEN] - You don't have rights to send messages in this chat (caused by "messages.ForwardMessages")
2023-01-09 17:44:04,879:ERROR:__main__:Telegram says: [420 SLOWMODE_WAIT_X] - A wait of 9 seconds is required to send messages in this chat. (caused by "messages.ForwardMessages")
2023-01-09 17:44:05,580:ERROR:__main__:Telegram says: [420 SLOWMODE_WAIT_X] - A wait of 28 seconds is required to send messages in this chat. (caused by "messages.ForwardMessages")
2023-01-09 17:44:05,799:ERROR:__main__:Telegram says: [403 CHAT_WRITE_FORBIDDEN] - You don't have rights to send messages in this chat (caused by "messages.ForwardMessages")
2023-01-09 17:44:06,824:ERROR:__main__:Telegram says: [403 CHAT_WRITE_FORBIDDEN] - You don't have rights to send messages in this chat (caused by "messages.ForwardMessages")
2023-01-09 17:44:07,912:ERROR:__main__:Telegram says: [403 CHAT_WRITE_FORBIDDEN] - You don't have rights to send messages in this chat (caused by "messages.ForwardMessages")
2023-01-09 17:44:08,952:ERROR:__main__:Telegram says: [403 CHAT_WRITE_FORBIDDEN] - You don't have rights to send messages in this chat (caused by "messages.ForwardMessages")
2023-01-09 17:44:16,681:ERROR:__main__:Telegram says: [403 CHAT_WRITE_FORBIDDEN] - You don't have rights to send messages in this chat (caused by "messages.ForwardMessages")
2023-01-09 17:44:20,328:ERROR:__main__:Telegram says: [420 SLOWMODE_WAIT_X] - A wait of 25 seconds is required to send messages in this chat. (caused by "messages.ForwardMessages")
2023-01-09 17:44:20,433:ERROR:__main__:Telegram says: [403 CHAT_WRITE_FORBIDDEN] - You don't have rights to send messages in this chat (caused by "messages.ForwardMessages")
2023-01-09 17:44:22,113:ERROR:__main__:Telegram says: [403 CHAT_WRITE_FORBIDDEN] - You don't have rights to send messages in this chat (caused by "messages.ForwardMessages")
2023-01-09 17:44:24,110:ERROR:__main__:Telegram says: [420 SLOWMODE_WAIT_X] - A wait of 6 seconds is required to send messages in this chat. (caused by "messages.ForwardMessages")
2023-01-09 17:44:24,351:ERROR:__main__:Telegram says: [420 SLOWMODE_WAIT_X] - A wait of 55 seconds is required to send messages in this chat. (caused by "messages.ForwardMessages")
2023-01-09 17:44:26,038:ERROR:__main__:Telegram says: [420 SLOWMODE_WAIT_X] - A wait of 4 seconds is required to send messages in this chat. (caused by "messages.ForwardMessages")
2023-01-09 17:44:27,263:ERROR:__main__:Telegram says: [403 CHAT_WRITE_FORBIDDEN] - You don't have rights to send messages in this chat (caused by "messages.ForwardMessages")
2023-01-09 17:44:28,406:ERROR:__main__:Telegram says: [420 SLOWMODE_WAIT_X] - A wait of 5 seconds is required to send messages in this chat. (caused by "messages.ForwardMessages")
2023-01-09 17:44:30,096:ERROR:__main__:Telegram says: [420 SLOWMODE_WAIT_X] - A wait of 4 seconds is required to send messages in this chat. (caused by "messages.ForwardMessages")
2023-01-09 17:44:31,648:ERROR:__main__:Telegram says: [403 CHAT_WRITE_FORBIDDEN] - You don't have rights to send messages in this chat (caused by "messages.ForwardMessages")
2023-01-09 17:44:31,869:ERROR:__main__:Telegram says: [403 CHAT_WRITE_FORBIDDEN] - You don't have rights to send messages in this chat (caused by "messages.ForwardMessages")
2023-01-09 17:44:33,787:ERROR:__main__:Telegram says: [403 CHAT_WRITE_FORBIDDEN] - You don't have rights to send messages in this chat (caused by "messages.ForwardMessages")
2023-01-09 17:44:34,062:ERROR:__main__:Telegram says: [420 SLOWMODE_WAIT_X] - A wait of 6 seconds is required to send messages in this chat. (caused by "messages.ForwardMessages")
2023-01-09 17:44:36,785:ERROR:__main__:Telegram says: [403 CHAT_WRITE_FORBIDDEN] - You don't have rights to send messages in this chat (caused by "messages.ForwardMessages")
2023-01-09 17:44:38,306:ERROR:__main__:Telegram says: [403 CHAT_WRITE_FORBIDDEN] - You don't have rights to send messages in this chat (caused by "messages.ForwardMessages")
2023-01-09 17:44:38,792:ERROR:__main__:Telegram says: [403 CHAT_WRITE_FORBIDDEN] - You don't have rights to send messages in this chat (caused by "messages.ForwardMessages")
2023-01-09 17:44:42,366:ERROR:__main__:Telegram says: [420 SLOWMODE_WAIT_X] - A wait of 3 seconds is required to send messages in this chat. (caused by "messages.ForwardMessages")
2023-01-09 17:44:42,594:ERROR:__main__:Telegram says: [403 CHAT_WRITE_FORBIDDEN] - You don't have rights to send messages in this chat (caused by "messages.ForwardMessages")
2023-01-09 17:44:43,989:ERROR:__main__:Telegram says: [403 CHAT_WRITE_FORBIDDEN] - You don't have rights to send messages in this chat (caused by "messages.ForwardMessages")
2023-01-09 17:44:46,366:ERROR:__main__:Telegram says: [420 SLOWMODE_WAIT_X] - A wait of 33 seconds is required to send messages in this chat. (caused by "messages.ForwardMessages")
2023-01-09 17:44:50,883:ERROR:__main__:Telegram says: [420 SLOWMODE_WAIT_X] - A wait of 5 seconds is required to send messages in this chat. (caused by "messages.ForwardMessages")
2023-01-09 17:44:51,239:ERROR:__main__:Telegram says: [420 SLOWMODE_WAIT_X] - A wait of 29 seconds is required to send messages in this chat. (caused by "messages.ForwardMessages")
2023-01-09 17:44:53,265:ERROR:__main__:Telegram says: [420 SLOWMODE_WAIT_X] - A wait of 7 seconds is required to send messages in this chat. (caused by "messages.ForwardMessages")
2023-01-09 17:44:54,377:ERROR:__main__:Telegram says: [403 CHAT_WRITE_FORBIDDEN] - You don't have rights to send messages in this chat (caused by "messages.ForwardMessages")
2023-01-09 17:44:54,940:ERROR:__main__:Telegram says: [420 SLOWMODE_WAIT_X] - A wait of 6 seconds is required to send messages in this chat. (caused by "messages.ForwardMessages")
2023-01-09 17:44:57,282:ERROR:__main__:Telegram says: [420 SLOWMODE_WAIT_X] - A wait of 8 seconds is required to send messages in this chat. (caused by "messages.ForwardMessages")
2023-01-09 17:44:57,433:ERROR:__main__:Telegram says: [420 SLOWMODE_WAIT_X] - A wait of 3 seconds is required to send messages in this chat. (caused by "messages.ForwardMessages")
2023-01-09 17:44:58,624:ERROR:__main__:Telegram says: [403 CHAT_WRITE_FORBIDDEN] - You don't have rights to send messages in this chat (caused by "messages.ForwardMessages")
2023-01-09 17:44:58,754:ERROR:__main__:Telegram says: [403 CHAT_WRITE_FORBIDDEN] - You don't have rights to send messages in this chat (caused by "messages.ForwardMessages")
2023-01-09 17:44:59,687:ERROR:__main__:Telegram says: [403 CHAT_WRITE_FORBIDDEN] - You don't have rights to send messages in this chat (caused by "messages.ForwardMessages")
2023-01-10 11:04:57,608:ERROR:__main__:Telegram says: [401 AUTH_KEY_UNREGISTERED] - The key is not registered in the system. Delete your session file and login again (caused by "channels.GetChannels")
2023-01-10 11:05:07,621:ERROR:__main__:Telegram says: [401 AUTH_KEY_UNREGISTERED] - The key is not registered in the system. Delete your session file and login again (caused by "channels.GetChannels")
2023-01-10 11:05:17,595:ERROR:__main__:Telegram says: [401 AUTH_KEY_UNREGISTERED] - The key is not registered in the system. Delete your session file and login again (caused by "channels.GetChannels")
2023-01-10 11:05:37,803:ERROR:__main__:Telegram says: [401 AUTH_KEY_UNREGISTERED] - The key is not registered in the system. Delete your session file and login again (caused by "channels.GetChannels")
2023-01-10 11:05:37,818:ERROR:__main__:Telegram says: [401 AUTH_KEY_UNREGISTERED] - The key is not registered in the system. Delete your session file and login again (caused by "channels.GetChannels")
2023-01-10 11:05:57,696:ERROR:__main__:Telegram says: [401 AUTH_KEY_UNREGISTERED] - The key is not registered in the system. Delete your session file and login again (caused by "channels.GetChannels")
2023-01-10 11:06:07,594:ERROR:__main__:Telegram says: [401 AUTH_KEY_UNREGISTERED] - The key is not registered in the system. Delete your session file and login again (caused by "channels.GetChannels")
2023-01-10 11:06:17,718:ERROR:__main__:Telegram says: [401 AUTH_KEY_UNREGISTERED] - The key is not registered in the system. Delete your session file and login again (caused by "channels.GetChannels")
